-------------------------------------------------------------------------------
Test set: com.volkanozturk.springbootswagger.SpringBootSwaggerApplicationTests
-------------------------------------------------------------------------------
Tests run: 1, Failures: 0, Errors: 1, Skipped: 0, Time elapsed: 0.42 s <<< FAILURE! - in com.volkanozturk.springbootswagger.SpringBootSwaggerApplicationTests
com.volkanozturk.springbootswagger.SpringBootSwaggerApplicationTests  Time elapsed: 0.417 s  <<< ERROR!
java.lang.IllegalStateException: Unable to find a @SpringBootConfiguration, you need to use @ContextConfiguration or @SpringBootTest(classes=...) with your test

