<?xml version="1.0" encoding="UTF-8"?>
<testsuite xmlns:xsi="http://www.w3.org/2001/XMLSchema-instance" xsi:noNamespaceSchemaLocation="https://maven.apache.org/surefire/maven-surefire-plugin/xsd/surefire-test-report.xsd" name="com.volkanozturk.springbootswagger.SpringBootSwaggerApplicationTests" time="0.42" tests="1" errors="1" skipped="0" failures="0">
  <properties>
[...]
</properties>
  <testcase name="com.volkanozturk.springbootswagger.SpringBootSwaggerApplicationTests" classname="com.volkanozturk.springbootswagger.SpringBootSwaggerApplicationTests" time="0.417">
    <error message="Unable to find a @SpringBootConfiguration, you need to use @ContextConfiguration or @SpringBootTest(classes=...) with your test" type="java.lang.IllegalStateException">java.lang.IllegalStateException: Unable to find a @SpringBootConfiguration, you need to use @ContextConfiguration or @SpringBootTest(classes=...) with your test
</error>
    <system-out><![CDATA[21:45:14.295 [main] DEBUG org.springframework.test.context.BootstrapUtils - Instantiating CacheAwareContextLoaderDelegate from class [org.springframework.test.context.cache.DefaultCacheAwareContextLoaderDelegate]
21:45:14.305 [main] DEBUG org.springframework.test.context.BootstrapUtils - Instantiating BootstrapContext using constructor [public org.springframework.test.context.support.DefaultBootstrapContext(java.lang.Class,org.springframework.test.context.CacheAwareContextLoaderDelegate)]
21:45:14.347 [main] DEBUG org.springframework.test.context.BootstrapUtils - Instantiating TestContextBootstrapper for test class [com.volkanozturk.springbootswagger.SpringBootSwaggerApplicationTests] from class [org.springframework.boot.test.context.SpringBootTestContextBootstrapper]
21:45:14.360 [main] INFO org.springframework.boot.test.context.SpringBootTestContextBootstrapper - Neither @ContextConfiguration nor @ContextHierarchy found for test class [com.volkanozturk.springbootswagger.SpringBootSwaggerApplicationTests], using SpringBootContextLoader
21:45:14.364 [main] DEBUG org.springframework.test.context.support.AbstractContextLoader - Did not detect default resource location for test class [com.volkanozturk.springbootswagger.SpringBootSwaggerApplicationTests]: class path resource [com/volkanozturk/springbootswagger/SpringBootSwaggerApplicationTests-context.xml] does not exist
21:45:14.364 [main] DEBUG org.springframework.test.context.support.AbstractContextLoader - Did not detect default resource location for test class [com.volkanozturk.springbootswagger.SpringBootSwaggerApplicationTests]: class path resource [com/volkanozturk/springbootswagger/SpringBootSwaggerApplicationTestsContext.groovy] does not exist
21:45:14.365 [main] INFO org.springframework.test.context.support.AbstractContextLoader - Could not detect default resource locations for test class [com.volkanozturk.springbootswagger.SpringBootSwaggerApplicationTests]: no resource found for suffixes {-context.xml, Context.groovy}.
21:45:14.366 [main] INFO org.springframework.test.context.support.AnnotationConfigContextLoaderUtils - Could not detect default configuration classes for test class [com.volkanozturk.springbootswagger.SpringBootSwaggerApplicationTests]: SpringBootSwaggerApplicationTests does not declare any static, non-private, non-final, nested classes annotated with @Configuration.
21:45:14.444 [main] DEBUG org.springframework.test.context.support.ActiveProfilesUtils - Could not find an 'annotation declaring class' for annotation type [org.springframework.test.context.ActiveProfiles] and class [com.volkanozturk.springbootswagger.SpringBootSwaggerApplicationTests]
21:45:14.538 [main] DEBUG org.springframework.test.context.BootstrapUtils - Instantiating CacheAwareContextLoaderDelegate from class [org.springframework.test.context.cache.DefaultCacheAwareContextLoaderDelegate]
21:45:14.539 [main] DEBUG org.springframework.test.context.BootstrapUtils - Instantiating BootstrapContext using constructor [public org.springframework.test.context.support.DefaultBootstrapContext(java.lang.Class,org.springframework.test.context.CacheAwareContextLoaderDelegate)]
21:45:14.541 [main] DEBUG org.springframework.test.context.BootstrapUtils - Instantiating TestContextBootstrapper for test class [com.volkanozturk.springbootswagger.SpringBootSwaggerApplicationTests] from class [org.springframework.boot.test.context.SpringBootTestContextBootstrapper]
21:45:14.545 [main] INFO org.springframework.boot.test.context.SpringBootTestContextBootstrapper - Neither @ContextConfiguration nor @ContextHierarchy found for test class [com.volkanozturk.springbootswagger.SpringBootSwaggerApplicationTests], using SpringBootContextLoader
21:45:14.548 [main] DEBUG org.springframework.test.context.support.AbstractContextLoader - Did not detect default resource location for test class [com.volkanozturk.springbootswagger.SpringBootSwaggerApplicationTests]: class path resource [com/volkanozturk/springbootswagger/SpringBootSwaggerApplicationTests-context.xml] does not exist
21:45:14.548 [main] DEBUG org.springframework.test.context.support.AbstractContextLoader - Did not detect default resource location for test class [com.volkanozturk.springbootswagger.SpringBootSwaggerApplicationTests]: class path resource [com/volkanozturk/springbootswagger/SpringBootSwaggerApplicationTestsContext.groovy] does not exist
21:45:14.548 [main] INFO org.springframework.test.context.support.AbstractContextLoader - Could not detect default resource locations for test class [com.volkanozturk.springbootswagger.SpringBootSwaggerApplicationTests]: no resource found for suffixes {-context.xml, Context.groovy}.
21:45:14.548 [main] INFO org.springframework.test.context.support.AnnotationConfigContextLoaderUtils - Could not detect default configuration classes for test class [com.volkanozturk.springbootswagger.SpringBootSwaggerApplicationTests]: SpringBootSwaggerApplicationTests does not declare any static, non-private, non-final, nested classes annotated with @Configuration.
21:45:14.551 [main] DEBUG org.springframework.test.context.support.ActiveProfilesUtils - Could not find an 'annotation declaring class' for annotation type [org.springframework.test.context.ActiveProfiles] and class [com.volkanozturk.springbootswagger.SpringBootSwaggerApplicationTests]
21:45:14.574 [main] DEBUG org.springframework.test.context.BootstrapUtils - Instantiating CacheAwareContextLoaderDelegate from class [org.springframework.test.context.cache.DefaultCacheAwareContextLoaderDelegate]
21:45:14.574 [main] DEBUG org.springframework.test.context.BootstrapUtils - Instantiating BootstrapContext using constructor [public org.springframework.test.context.support.DefaultBootstrapContext(java.lang.Class,org.springframework.test.context.CacheAwareContextLoaderDelegate)]
21:45:14.577 [main] DEBUG org.springframework.test.context.BootstrapUtils - Instantiating TestContextBootstrapper for test class [com.volkanozturk.springbootswagger.SpringBootSwaggerApplicationTests] from class [org.springframework.boot.test.context.SpringBootTestContextBootstrapper]
21:45:14.579 [main] INFO org.springframework.boot.test.context.SpringBootTestContextBootstrapper - Neither @ContextConfiguration nor @ContextHierarchy found for test class [com.volkanozturk.springbootswagger.SpringBootSwaggerApplicationTests], using SpringBootContextLoader
21:45:14.580 [main] DEBUG org.springframework.test.context.support.AbstractContextLoader - Did not detect default resource location for test class [com.volkanozturk.springbootswagger.SpringBootSwaggerApplicationTests]: class path resource [com/volkanozturk/springbootswagger/SpringBootSwaggerApplicationTests-context.xml] does not exist
21:45:14.580 [main] DEBUG org.springframework.test.context.support.AbstractContextLoader - Did not detect default resource location for test class [com.volkanozturk.springbootswagger.SpringBootSwaggerApplicationTests]: class path resource [com/volkanozturk/springbootswagger/SpringBootSwaggerApplicationTestsContext.groovy] does not exist
21:45:14.580 [main] INFO org.springframework.test.context.support.AbstractContextLoader - Could not detect default resource locations for test class [com.volkanozturk.springbootswagger.SpringBootSwaggerApplicationTests]: no resource found for suffixes {-context.xml, Context.groovy}.
21:45:14.581 [main] INFO org.springframework.test.context.support.AnnotationConfigContextLoaderUtils - Could not detect default configuration classes for test class [com.volkanozturk.springbootswagger.SpringBootSwaggerApplicationTests]: SpringBootSwaggerApplicationTests does not declare any static, non-private, non-final, nested classes annotated with @Configuration.
21:45:14.583 [main] DEBUG org.springframework.test.context.support.ActiveProfilesUtils - Could not find an 'annotation declaring class' for annotation type [org.springframework.test.context.ActiveProfiles] and class [com.volkanozturk.springbootswagger.SpringBootSwaggerApplicationTests]
]]></system-out>
  </testcase>
</testsuite>